  302  git push
  303  curl -i -XPOST -H"Content-Type: application/json" registration-pal-matt-pravin.apps.evans.pal.pivotal.io/registration -d'{"name": "Pete"}'
  304  curl -i registration-pal-matt-pravin.apps.evans.pal.pivotal.io/users/1
  305  curl -i registration-pal-matt-pravin.apps.evans.pal.pivotal.io/accounts?ownerId=1
  306  curl -i -XPOST -H"Content-Type: application/json" registration-pal-matt-pravin.apps.evans.pal.pivotal.io/projects -d"{\"name\": \"Basket Weaving\", \"accountId\": 1}"
  307  curl -i registration-pal-matt-pravin.apps.evans.pal.pivotal.io/projects?accountId=1
  308  curl -i -XPOST -H"Content-Type: application/json" allocations-pal-matt-pravin.apps.evans.pal.pivotal.io/allocations -d"{\"projectId\": 1, \"userId\": 1, \"firstDay\": \"2015-05-17\", \"lastDay\": \"2015-05-18\"}"
  309  curl -i allocations-pal-matt-pravin.apps.evans.pal.pivotal.io/allocations?projectId=1
  310  curl -i -XPOST -H"Content-Type: application/json" backlog-pal-matt-pravin.apps.evans.pal.pivotal.io/stories -d"{\"projectId\": 1, \"name\": \"Find some reeds\"}"
  311  curl -i backlog-pal-matt-pravin.apps.evans.pal.pivotal.io/stories?projectId=1
  312  curl -i -XPOST -H"Content-Type: application/json" timesheets-pal-matt-pravin.apps.evans.pal.pivotal.io/time-entries/ -d"{\"projectId\": 1, \"userId\": 1, \"date\": \"2015-05-17\", \"hours\": 6}"
  313  curl -i timesheets-pal-matt-pravin.apps.evans.pal.pivotal.io/time-entries?userId=1
  314  cd ~/workspace/assignment-submission
  315  ./gradlew cloudNativeDeveloperDistributedSystemDeployment     -PregistrationServerUrl=https://registration-pal-matt-pravin.apps.evans.pal.pivotal.io     -PbacklogServerUrl=https://backlog-pal-matt-pravin.apps.evans.pal.pivotal.io     -PallocationsServerUrl=https://allocations-pal-matt-pravin.apps.evans.pal.pivotal.io     -PtimesheetsServerUrl=https://timesheets-pal-matt-pravin.apps.evans.pal.pivotal.io
  316  siege
  317  sudo apt install siege
  318  siege
  319  siege -c255 -f urls.txt
  320  cd ../pal-tracker-distributed/
  321  siege -c255 -f urls.txt
  322  cf domains
  323  curl https://spring-cloud-broker.apps.evans.pal.pivotal.io/actuator/info
  324  curl https://spring-cloud-broker.apps.evans.pal.pivotal.io/actuator/info | json_pp
  325  ./gradlew platform-services:eureka-server:bootRun
  326  cf marketplace
  327  cf create-service --help
  328  cf create-service p-service-registry standard tracker-service-registry
  329  cf services
  330  ./gradlew platform-services:eureka-server:bootRun
  331  ./gradlew applications:allocations-server dependencies
  332  ./gradlew dependencies :applications:allocations-server 
  333  ./gradlew dependencies applications:allocations-server 
  334  cd applications/allocations-server/
  335  ./gradlew dependencies
  336  ls
  337  cd ..
  338  ./gradlew :applications:allocations-server:dependencies
  339  cls
  340  clear
  341  ./gradlew :applications:allocations-server:dependencies
  342  ./gradlew clean build
  343  ./gradlew clean
  344  ./gradlew 
  345  ./gradlew tasks
  346  ./gradlew clean build
  347  killall java
  348  idea .
  349  ./gradlew clean build
  350  cf unset-env tracker-allocations REGISTRATION_SERVER_ENDPOINT
  351  cf unset-env tracker-backlog REGISTRATION_SERVER_ENDPOINT
  352  cf unset-env tracker-timesheets REGISTRATION_SERVER_ENDPOINT
  353  git add .
  354  git commit -m "Add Eureka and Ribbon"
  355  git push
  356  cf set-env pal-tracker-distributed MANAGEMENT_ENDPOINTS_WEB_EXPOSURE_INCLUDE "*"
  357  cf apps
  358  cf set-env tracker-allocations MANAGEMENT_ENDPOINTS_WEB_EXPOSURE_INCLUDE "*"
  359  cf set-env tracker-backlog MANAGEMENT_ENDPOINTS_WEB_EXPOSURE_INCLUDE "*"
  360  cf set-env tracker-registration MANAGEMENT_ENDPOINTS_WEB_EXPOSURE_INCLUDE "*"
  361  cf set-env tracker-timesheets MANAGEMENT_ENDPOINTS_WEB_EXPOSURE_INCLUDE "*"
  362  cf set-env tracker-allocations MANAGEMENT_ENDPOINT_HEALTH_SHOWDETAILS always
  363  cf set-env tracker-backlog MANAGEMENT_ENDPOINT_HEALTH_SHOWDETAILS always
  364  cf set-env tracker-registration MANAGEMENT_ENDPOINT_HEALTH_SHOWDETAILS always
  365  cf set-env tracker-timesheets MANAGEMENT_ENDPOINT_HEALTH_SHOWDETAILS always
  366  cf restage tracker-allocations
  367  cf restage tracker-backlog
  368  cf restage tracker-registration
  369  cf restage tracker-timesheets
  370  cd ..
  371  cd assignment-submission/
  372  ./gradlew cloudNativeDeveloperDistributedSystemWithServiceDiscovery     -PregistrationServerUrl=https://registration-pal-matt-pravin.apps.evans.pal.pivotal.io     -PbacklogServerUrl=https://backlog-pal-matt-pravin.apps.evans.pal.pivotal.io     -PallocationsServerUrl=https://allocations-pal-matt-pravin.apps.evans.pal.pivotal.io     -PtimesheetsServerUrl=https://timesheets-pal-matt-pravin.apps.evans.pal.pivotal.io
  373  cd ..
  374  cd pal-tracker-distributed/
  375  cf marketplace
  376  cf create-service --help
  377  cf create-service p-circuit-breaker-dashboard standard tracker-circuit-breaker-dashboard
  378  curl -i -XPOST -H"Content-Type: application/json" localhost:8083/registration -d'{"name": "Pete"}'
  379  curl -i -XPOST -H"Content-Type: application/json" localhost:8083/registration -d'{"name": "Pravin"}'
  380  curl -i localhost:8083/accounts?ownerId=3
  381  curl -i -XPOST -H"Content-Type: application/json" localhost:8083/projects -d"{\"name\": \"Project A\", \"accountId\": \"2\"}"
  382  curl -i -XPOST -H"Content-Type: application/json" localhost:8083/projects -d"{\"name\": \"Project B\", \"accountId\": \"2\"}"
  383  curl -i -XPOST -H"Content-Type: application/json" localhost:8081/allocations/ -d"{\"projectId\": \"2\", \"userId\": \"3\", \"firstDay\": \"2015-05-17\", \"lastDay\": \"2015-05-18\"}"
  384  curl -i -XPOST -H"Content-Type: application/json" localhost:8081/allocations/ -d"{\"projectId\": \"3\", \"userId\": \"3\", \"firstDay\": \"2015-05-17\", \"lastDay\": \"2015-05-18\"}"
  385  curl -i -XPOST -H"Content-Type: application/json" localhost:8081/allocations/ -d"{\"projectId\": \"2\", \"userId\": \"3\", \"firstDay\": \"2015-05-17\", \"lastDay\": \"2015-05-18\"}"
  386  curl -i -XPOST -H"Content-Type: application/json" localhost:8081/allocations/ -d"{\"projectId\": \"3\", \"userId\": \"3\", \"firstDay\": \"2015-05-17\", \"lastDay\": \"2015-05-18\"}"
  387  cf services
  388  git st
  389  git status
  390  git add .
  391  git commit -m "Implement circuit breaker"
  392  git push
  393  ./gradlew clean build
  394  cf push -f manifest-allocations.yml 
  395  cf services
  396  cf push -f manifest-allocations.yml 
  397  curl 'http://localhost:8999/oauth/token' -i -u 'tracker-client:supersecret' -X POST -H 'Accept: application/json' -H 'Content-Type: application/x-www-form-urlencoded' -d 'grant_type=client_credentials&response_type=token&token_format=opaque'
  398  curl localhost:8083 -H"Authorization: Bearer 4197d788-fc16-43b3-a0f9-4bb74a28fe2b"
  399  curl -i -XPOST -H"Content-Type: application/json" localhost:8083/registration -d'{"name": "Matt"}'
  400  curl -i -XPOST -H"Content-Type: application/json" localhost:8083/registration -d'{"name": "Matt"}' -H"Authorization: Bearer 4197d788-fc16-43b3-a0f9-4bb74a28fe2b"
  401  curl -i localhost:8083/users/4
  402  curl -i localhost:8081/allocations?projectId=1
  403  curl -i localhost:8081/allocations?projectId=1 -H"Authorization: Bearer 4197d788-fc16-43b3-a0f9-4bb74a28fe2b"
  404  git status
  405  clear
  406  git add .
  407  git commit -m "Add Security and OAuth2"
  408  git status
  409  git push
  410  history | grep "cf push"
  411  cf push -f manifest-allocations.yml 
  412  cf push -f --help
  413  cf push -f manifest-backlog.yml 
  414  cf push -f manifest-timesheets.yml 
  415  mkdir -p ~/workspace/assignment-submission
  416  cd ~/workspace/assignment-submission/
  417  gradle wrapper
  418  touch build.gradle
  419  pwd
  420  ./gradlew testAssignment
  421  ./gradlew testAssignment -PexampleUrl=PravinAssignment
  422  ./gradlew testAssignment -PexampleUrl=http://www.example.com
  423  BUILD SUCCESSFUL
  424  cd ..
  425  cd pal-tracker/
  426  git log --graph --decorate --oneline --all
  427  git remote add origin https://github.com/reply2ppg/pal-tracker.git
  428  git remote -v
  429  git push origin master --tags
  430  git st
  431  git status
  432  git pull -r
  433  git config --global user.email "you@example.com"
  434  git config --global user.email "reply2ppg@yahoo.com"
  435  git pull -r
  436  git status
  437  git push origin master --tags
  438  git push origin master --tags --force
  439  git pull -r
  440  git status
  441  git co master
  442  git checkout master
  443  git pull -r
  444  gradle wrapper --gradle-version 6.0.1 --distribution-type all
  445  touch build.gradle
  446  ./gradlew tasks
  447  ./gradlew clean bootrun
  448  cf --help
  449  cf login --help
  450  cf login
  451  cf login --help
  452  cf login
  453  cf target
  454  ./gradlew clean build
  455  cf push -p pal-tracker
  456  cf push -p pal-tracker.jar pal-tracker
  457  cf push 
  458  cf push pal-tracker -p ./build/libs/pal-tracker.jar --random-route
  459  cf logs
  460  cf logs pal-tracker
  461  cf logs pal-tracker --recent
  462  cf set-env pal-tracker JBP_CONFIG_OPEN_JDK_JRE '{ jre: { version: 11.+ } }'
  463  cf restage pal-tracker
  464  git status
  465  git add .
  466  git commit
  467  git status
  468  git push
  469  git status
  470  cd ..
  471  cd pal-tracker/
  472  cd ~/workspace/assignment-submission
  473  ./gradlew cloudNativeDeveloperSimpleApp -PserverUrl=http://pal-tracker-insightful-quokka.apps.evans.pal.pivotal.io/
  474  gradle dependency
  475  gradle dependencies
  476  ./gradlew dependencies
  477  cd ../pal-tracker/
  478  ./gradlew dependencies
  479  ./gradlew task
  480  cf apps
  481  cf routes
  482  cd ~/workspace/pal-tracker
  483  git cherry-pick deployment-start
  484  ./gradlew bootrun
  485  WELCOME_MESSAGE=hello ./gradlew bootRun
  486  WELCOME.MESSAGE=hello ./gradlew bootRun
  487  ./gradlew bootrun
  488  ./gradlew clean test
  489  cf push pal-tracker -p ./build/libs/pal-tracker.jar
  490  cf log pal-tracker --recent
  491  cf logs pal-tracker --recent
  492  cf set-env WELCOME_MESSAGE=Hello Pravin
  493  cf set-env WELCOME_MESSAGE="Hello Pravin"
  494  cf set-env WELCOME_MESSAGE=Hello
  495  cf set-env pal-tracker WELCOME_MESSAGE Hello Pravin
  496  cf set-env pal-tracker WELCOME_MESSAGE "Hello Pravin"
  497  cf restart pal-tracker
  498  cf env
  499  cf env pal-tracker
  500  cf delete pal-tracker
  501  cf push
  502  cf delete pal-tracker
  503  ./gradlew clean build
  504  cf push
  505  git status
  506  git add .
  507  git commit -m "Ways to add enviornment variable"
  508  git push
  509  cd ~/workspace/assignment-submission
  510  ./gradlew cloudNativeDeveloperCloudFoundry -PserverUrl=http://pal-tracker-wise-kookaburra.apps.evans.pal.pivotal.io
  511  cf target
  512  cf logs pal-tracker --recent
  513  cd ~/workspace/pal-tracker
  514  git cherry-pick pipeline-start
  515  cf map-route
  516  cf check-route
  517  cf targets
  518  cf target
  519  cf map-route
  520  cf map-route pal-tracker pal-tracker-pravin.com
  521  cf domains
  522  cf map-route pal-tracker apps.evans.pal.pivotal.io --hostname pal-tracker-pravin
  523  cf check-route pal-tracker apps.evans.pal.pivotal.io
  524  cf check-route pal-tracker
  525  cf check-route pal-tracker pal-tracker-pravin apps.evans.pal.pivotal.io
  526  cf check-route pal-tracker-pravin apps.evans.pal.pivotal.io
  527  cf push
  528  git add .
  529  git commit -m "Triggering Travis"
  530  git push
  531  cf target
  532  git status
  533  git st
  534  git status
  535  cd ~/workspace/assignment-submission
  536  ./gradlew cloudNativeDeveloperReviewPipeline -PreviewUrl=http://pal-tracker-pravin.apps.evans.pal.pivotal.io/
  537  cd ../pal-tracker/
  538  git cherry-pick mvc-start
  539  ./gradlew clean compileTestJava
  540  ./gradlew clean build
  541  ./gradlew bootrun &
  542  curl -i localhost:8080/time-entries
  543  curl -i -XPOST -H"Content-Type: application/json" localhost:8080/time-entries -d"{\"projectId\": 1, \"userId\": 2, \"date\": \"2019-01-01\", \"hours\": 8}"
  544  curl -i localhost:8080/time-entries
  545  curl -i localhost:8080/time-entries/1
  546  curl -i -XPOST -H"Content-Type: application/json" localhost:8080/time-entries -d"{\"projectId\": 1, \"userId\": 2, \"date\": \"2019-01-01\", \"hours\": 8}"
  547  curl -i localhost:8080/time-entries/2
  548  curl -i -XPUT -H"Content-Type: application/json" localhost:8080/time-entries/1 -d"{\"projectId\": 88, \"userId\": 99, \"date\": \"2019-01-01\", \"hours\": 8}"
  549  TIME_ENTRY_ID=2 curl -i -XDELETE -H"Content-Type: application/json" localhost:8080/time-entries/${TIME_ENTRY_ID}
  550  TIME_ENTRY_ID=2 curl -i -XDELETE -H"Content-Type: application/json" localhost:8080/time-entries/2
  551  ./gradlew clean compileTestJava
  552  ./gradlew clean test
  553  git add .
  554  git commit -m "Add rest controller for TimeEntry"
  555  git push
  556  git tag
  557  curl -i -XPOST -H"Content-Type: application/json" https://pal-tracker-wise-kookaburra.apps.evans.pal.pivotal.io/time-entries -d"{\"projectId\": 1, \"userId\": 2, \"date\": \"2019-01-01\", \"hours\": 8}"
  558  cd ../assignment-submission/
  559  ./gradlew cloudNativeDeveloperRest -PserverUrl=https://pal-tracker-wise-kookaburra.apps.evans.pal.pivotal.io
  560  ll
  561  git status
  562  cd ../pal-tracker/
  563  git status
  564  git cherry-pick migration-start
  565  clear
  566  cf marketplace
  567  cf create-service --help
  568  cf create-service p.mysql db-small tracker-database
  569  cf services
  570  watch cf services
  571  history
  572  watch cf services
  573  mysql -uroot < databases/tracker/create_databases.sql
  574  flyway -url="jdbc:mysql://localhost:3306/tracker_dev" -locations=filesystem:databases/tracker clean migrate
  575  mysql -uroot < databases/tracker/create_databases.sql
  576  flyway -url="jdbc:mysql://localhost:3306/tracker_dev" -locations=filesystem:databases/tracker clean migrate
  577  flyway -url="jdbc:mysql://localhost:3306/tracker_test" -locations=filesystem:databases/tracker clean migrate
  578  mysql -u tracker
  579  cf services
  580  cf bind-service --help
  581  cf bind-service pal-tracker tracker-database
  582  $!
  583  history
  584  $!
  585  $
  586  !
  587  echo $!
  588  cf env pal-tracker
  589  git add .
  590  git commit
  591  git push
  592  cd ~/workspace/assignment-submission
  593  ./gradlew cloudNativeDeveloperDatabaseMigrations -PserverUrl=https://pal-tracker-pravin.apps.evans.pal.pivotal.io/
  594  idea .
  595  history
  596  history > history.log
  597  ls
  598  rm history.log 
  599  cd ../pal-tracker/
  600  git status
  601  rm *
  602  ll
  603  rm -Rfv .
  604  rm -Rfv *
  605  history > history.log
  606  git commit -m "history log"
  607  git add .
  608  git commit -m "history log"
  609  git push origin:history_20190114
  610  git push HEAD:history_20190114
  611  git push origin HEAD:history_20190114
  612  git reset origin/master
  613  git status
  614  git reset origin/master --hard
  615  git status
  616  rm history.log 
  617  git st
  618  find .
  619  git branches
  620  git branch
  621  git list branch
  622  git branch -r
  623  git fetch --prune
  624  git branch -r
  625  git branch
  626  cf service-key pal-tracker
  627  cf service-key pal-tracker mykey
  628  cf service-key tracker-database mykey
  629  cf service-key tracker-database
  630  cf service-key tracker-database mykey
  631  cf env pal-tracker
  632  man nc
  633  git cherry-pick jdbc-start
  634  git reflog
  635  git tag
  636  ./gradlew clean test
  637  git add .
  638  ./gradlew clean test
  639  git commit -m "Add a real data source and jdbctemplate."
  640  git push
  641  cd ~/workspace/assignment-submission
  642  ./gradlew cloudNativeDeveloperDatabaseAccess -PserverUrl=https://pal-tracker-pravin.apps.evans.pal.pivotal.io/
  643  git cherry-pick actuator-start
  644  cd ../pal-tracker/
  645  git cherry-pick actuator-start
  646  ./gradlew clean bootrun
  647  killall -9 java
  648  ./gradlew clean bootrun
  649  ./gradlew clean test
  650  killall -9 java
  651  ./gradlew clean test
  652  git stash
  653  git stash pop
  654  mysql
  655  ./gradlew clean test
  656  git add .
  657  git commit -m "Add actuator"
  658  git push
  659  cf set-env pal-tracker MANAGEMENT_ENDPOINTS_WEB_EXPOSURE_INCLUDE "*"
  660  cf set-env pal-tracker MANAGEMENT_ENDPOINT_HEALTH_SHOWDETAILS always
  661  cd ~/workspace/assignment-submission
  662  cd ../pal-tracker/
  663  ./gradlew clean test
  664  cd ../assignment-submission/
  665  ./gradlew cloudNativeDeveloperHealthMonitoring -PserverUrl=http://pal-tracker-pravin.apps.evans.pal.pivotal.io/actuator
  666  history | grep curl
  667  curl -i -XPOST -H"Content-Type: application/json" localhost:8080/time-entries -d"{\"projectId\": 1, \"userId\": 2, \"date\": \"2019-01-01\", \"hours\": 8}"
  668  curl -i -XPOST -H"Content-Type: application/json" pal-tracker-pravin.apps.evans.pal.pivotal.io/time-entries -d"{\"projectId\": 1, \"userId\": 2, \"date\": \"2019-01-01\", \"hours\": 8}"
  669  curl -i -XPOST -H"Content-Type: application/json" pal-tracker-pravin.apps.evans.pal.pivotal.io/time-entries -d"{\"projectId\": 2, \"userId\": 2, \"date\": \"2019-01-01\", \"hours\": 8}"
  670  ./gradlew clean bootrun
  671  cd ../pal-tracker/
  672  ./gradlew clean bootrun
  673  history -w
  674  ./gradlew clean bootrun
  675  cf app
  676  cf app pal-tracker
  677  cf scale
  678  cf scale pal-tracker -m 768m
  679  cf scale pal-tracker -i 3
  680  cf app pal-tracker
  681  cf quotas
  682  cd ~/workspace/assignment-submission
  683  ./gradlew cloudNativeDeveloperScaling -PserverUrl=http://pal-tracker-pravin.apps.evans.pal.pivotal.io/
  684  cf
  685  cf | grep quota
  686  cf --help | grep quota
  687  cf --help
  688  cf quota
  689  cf space-quotas
  690  cf org
  691  cf orgs
  692  cf quota default
  693  cf org
  694  cf org pgangatirkar.gaic.com
  695  git tags
  696  git tag
  697  cd ../pal-tracker/
  698  git tag
  699  open .
  700  cd ..
  701  ls
  702  cd pal-tracker-distributed/
  703  git log --graph --decorate --oneline --all
  704  cd ..
  705  cd assignment-submission/
  706  idea .
  707  cd .
  708  cd ..
  709  ls
  710  cd pal-tracker-distributed/
  711  git log --graph --decorate --oneline --all
  712  git st
  713  git status
  714  git remote add origin https://github.com/reply2ppg/pal-tracker-distributed.git
  715  git push origin master --tags
  716  git tag
  717  idea .
  718  idea.
  719  idea .
  720  cf create-service --help
  721  history | grep cf service
  722  history | grep "cf service"
  723  history | grep "cf create-service"
  724  cf create-service p.mysql db-small tracker-allocations-database
  725  cf create-service p.mysql db-small tracker-backlog-database
  726  cf create-service p.mysql db-small tracker-registration-database
  727  cf create-service p.mysql db-small tracker-timesheets-database
  728  cf services
  729  mysql -uroot < databases/create_databases.sql
  730  ./gradlew devMigrate testMigrate
  731  ./gradlew clean build
  732  ./gradlew applications:registration-server:bootRun
  733  ./gradlew bootRun --parallel
  734  ./gradlew bootRun --parallel
  735  curl -i http://registration-pal-matt-pravin.apps.evans.pal.pivotal.io/accounts?ownerId=4
  736  curl -i -XPOST -H"Content-Type: application/json" http://registration-pal-matt-pravin.apps.evans.pal.pivotal.io/projects -d"{\"name\": \"Project B\", \"accountId\": \"4\"}"
  737  curl -i -XPOST -H"Content-Type: application/json" http://allocations-pal-matt-pravin.apps.evans.pal.pivotal.io/allocations/ -d"{\"projectId\": \"5\", \"userId\": \"4\", \"firstDay\": \"2015-05-17\", \"lastDay\": \"2015-05-18\"}"
  738  curl -i -XPOST -H"Content-Type: application/json" http://allocations-pal-matt-pravin.apps.evans.pal.pivotal.io/allocations/ -d"{\"projectId\": \"4\", \"userId\": \"4\", \"firstDay\": \"2015-05-17\", \"lastDay\": \"2015-05-18\"}"
  739  curl -i -XPOST -H"Content-Type: application/json" http://allocations-pal-matt-pravin.apps.evans.pal.pivotal.io/allocations/ -d"{\"projectId\": \"5\", \"userId\": \"4\", \"firstDay\": \"2015-05-17\", \"lastDay\": \"2015-05-18\"}"
  740  curl -i -XPOST -H"Content-Type: application/json" http://registration-pal-matt-pravin.apps.evans.pal.pivotal.io/projects -d"{\"name\": \"Project B\", \"accountId\": \"4\"}"
  741  curl -i -XPOST -H"Content-Type: application/json" http://allocations-pal-matt-pravin.apps.evans.pal.pivotal.io/allocations/ -d"{\"projectId\": \"4\", \"userId\": \"4\", \"firstDay\": \"2015-05-17\", \"lastDay\": \"2015-05-18\"}"
  742  ./gradlew cloudNativeDeveloperDistributedSystemWithCircuitBreaker     -PregistrationServerUrl=https://registration-pal-matt-pravin.apps.evans.pal.pivotal.io     -PbacklogServerUrl=https://backlog-pal-matt-pravin.apps.evans.pal.pivotal.io     -PallocationsServerUrl=https://allocations-pal-matt-pravin.apps.evans.pal.pivotal.io \
  743  cd ../assignment-submission/
  744  ./gradlew cloudNativeDeveloperDistributedSystemWithCircuitBreaker     -PregistrationServerUrl=https://registration-pal-matt-pravin.apps.evans.pal.pivotal.io     -PbacklogServerUrl=https://backlog-pal-matt-pravin.apps.evans.pal.pivotal.io     -PallocationsServerUrl=https://allocations-pal-matt-pravin.apps.evans.pal.pivotal.io     -PtimesheetsServerUrl=https://timesheets-pal-matt-pravin.apps.evans.pal.pivotal.io
  745  cd ../pal-tracker-distributed/
  746  curl -i -XPOST -H"Content-Type: application/json" http://allocations-pal-matt-pravin.apps.evans.pal.pivotal.io/allocations/ -d"{\"projectId\": \"4\", \"userId\": \"4\", \"firstDay\": \"2015-05-17\", \"lastDay\": \"2015-05-18\"}"
  747  curl -i -XPOST -H"Content-Type: application/json" http://allocations-pal-matt-pravin.apps.evans.pal.pivotal.io/allocations/ -d"{\"projectId\": \"5\", \"userId\": \"4\", \"firstDay\": \"2015-05-17\", \"lastDay\": \"2015-05-18\"}"
  748  history | grep cf-create
  749  history | grep cf-create-service
  750  history
  751  history | grep "cf create-service"
  752  cf marketplace
  753  cf create-service p-identity uaa tracker-sso
  754  cf services
  755  ./gradlew clean build
  756  ./gradlew bootRun --parallel
  757  watch -d -n 1 'mysql -u root movies -e "select * from album_scheduler_task;"'
  758  mvn clean package
  759  cf logs moviefun
  760  rabbitmq-server start
  761  sudo rabbitmq-server start
  762  rabbitmq-server stop
  763  sudo rabbitmq-server stop
  764  cf services
  765  cf marketplace
  766  cf create-service p.rabbitmq standard -n rabbit
  767  cf create-service p.rabbitmq standard rabbit
  768  cf services
  769  curl -X POST http://localhost:8080/rabbit -d ""
  770  cf service rabbit
  771  cf env moviefun
  772  mvn clean package
  773  cf push
  774  cf logs
  775  cf logs moviefun
  776  cf push -f manifest-registration.yml 
  777  cf set-env tracker-registration GRANT_TYPE client_credentials
  778  cf restart tracker-registration
  779  cf unbind --help
  780  cf unbind-service --help
  781  cf unbind-service tracker-registration tracker-sso
  782  cf bind-service tracker-registration tracker-sso
  783  git status
  784  git add .
  785  git commit -m "update registration manifest"
  786  git push
  787  cf env tracker-allocations
  788  curl -k "https://login.sys.evans.pal.pivotal.io/oauth/token" -i -u "510555ce-4a4a-4eff-9750-adca3c51ac67:d0a947d1-ab04-49c1-971f-1b282d504808" -X POST -H 'Accept: application/json' -H 'Content-Type: application/x-www-form-urlencoded' -d 'grant_type=client_credentials&response_type=token'
  789  curl -i registration-pal-matt-pravin.apps.evans.pal.pivotal.io/users/1
  790  curl -i registration-pal-matt-pravin.apps.evans.pal.pivotal.io/users/1 -H"Authorization: Bearer eyJhbGciOiJSUzI1NiIsImprdSI6Imh0dHBzOi8vdWFhLnN5cy5ldmFucy5wYWwucGl2b3RhbC5pby90b2tlbl9rZXlzIiwia2lkIjoia2V5LTEiLCJ0eXAiOiJKV1QifQ.eyJqdGkiOiI0MjQzNWRkZTZjNjE0NTNlOGFmODQ1MTdkNWI5MmNjYiIsInN1YiI6IjUxMDU1NWNlLTRhNGEtNGVmZi05NzUwLWFkY2EzYzUxYWM2NyIsImF1dGhvcml0aWVzIjpbInVhYS5yZXNvdXJjZSJdLCJzY29wZSI6WyJ1YWEucmVzb3VyY2UiXSwiY2xpZW50X2lkIjoiNTEwNTU1Y2UtNGE0YS00ZWZmLTk3NTAtYWRjYTNjNTFhYzY3IiwiY2lkIjoiNTEwNTU1Y2UtNGE0YS00ZWZmLTk3NTAtYWRjYTNjNTFhYzY3IiwiYXpwIjoiNTEwNTU1Y2UtNGE0YS00ZWZmLTk3NTAtYWRjYTNjNTFhYzY3IiwiZ3JhbnRfdHlwZSI6ImNsaWVudF9jcmVkZW50aWFscyIsInJldl9zaWciOiJlOGEzMjgwNCIsImlhdCI6MTU3OTYyNjU5OSwiZXhwIjoxNTc5NjY5Nzk5LCJpc3MiOiJodHRwczovL3VhYS5zeXMuZXZhbnMucGFsLnBpdm90YWwuaW8vb2F1dGgvdG9rZW4iLCJ6aWQiOiJ1YWEiLCJhdWQiOlsiNTEwNTU1Y2UtNGE0YS00ZWZmLTk3NTAtYWRjYTNjNTFhYzY3IiwidWFhIl19.qJ9G4EtCjd-Nk9ZhMhgS5SBSqYkgWiap7FrqUtFIW13OukeMCGC4GG_tVegChgsvvF9yhVjl9GAl06XEYZUsHsl_8BTtUY7Mcx6tv-eY3B9xpoLtc3S47noLBoUGdF8vPZxsH1McaZZ8_IVM0js0ndZUvdgshIi_cfgIPEx83tIHlaFKFwyYqGppm7bGxgo-uxXhJQma2ZJZ0B7OsMtAduBkHNGZFJrqieNgLeG_8KkKUZvgxwChWaCPoNzoBDOnRnudis8piOP0Vf0StvQokffPpHaaZG2PW56weuaD3qR5meX778HO8zpu7YduVxdKnVd4Sh9mOLoDRA-86IDBGw"
  791  curl -i registration-pal-matt-pravin.apps.evans.pal.pivotal.io/users/2 -H"Authorization: Bearer eyJhbGciOiJSUzI1NiIsImprdSI6Imh0dHBzOi8vdWFhLnN5cy5ldmFucy5wYWwucGl2b3RhbC5pby90b2tlbl9rZXlzIiwia2lkIjoia2V5LTEiLCJ0eXAiOiJKV1QifQ.eyJqdGkiOiI0MjQzNWRkZTZjNjE0NTNlOGFmODQ1MTdkNWI5MmNjYiIsInN1YiI6IjUxMDU1NWNlLTRhNGEtNGVmZi05NzUwLWFkY2EzYzUxYWM2NyIsImF1dGhvcml0aWVzIjpbInVhYS5yZXNvdXJjZSJdLCJzY29wZSI6WyJ1YWEucmVzb3VyY2UiXSwiY2xpZW50X2lkIjoiNTEwNTU1Y2UtNGE0YS00ZWZmLTk3NTAtYWRjYTNjNTFhYzY3IiwiY2lkIjoiNTEwNTU1Y2UtNGE0YS00ZWZmLTk3NTAtYWRjYTNjNTFhYzY3IiwiYXpwIjoiNTEwNTU1Y2UtNGE0YS00ZWZmLTk3NTAtYWRjYTNjNTFhYzY3IiwiZ3JhbnRfdHlwZSI6ImNsaWVudF9jcmVkZW50aWFscyIsInJldl9zaWciOiJlOGEzMjgwNCIsImlhdCI6MTU3OTYyNjU5OSwiZXhwIjoxNTc5NjY5Nzk5LCJpc3MiOiJodHRwczovL3VhYS5zeXMuZXZhbnMucGFsLnBpdm90YWwuaW8vb2F1dGgvdG9rZW4iLCJ6aWQiOiJ1YWEiLCJhdWQiOlsiNTEwNTU1Y2UtNGE0YS00ZWZmLTk3NTAtYWRjYTNjNTFhYzY3IiwidWFhIl19.qJ9G4EtCjd-Nk9ZhMhgS5SBSqYkgWiap7FrqUtFIW13OukeMCGC4GG_tVegChgsvvF9yhVjl9GAl06XEYZUsHsl_8BTtUY7Mcx6tv-eY3B9xpoLtc3S47noLBoUGdF8vPZxsH1McaZZ8_IVM0js0ndZUvdgshIi_cfgIPEx83tIHlaFKFwyYqGppm7bGxgo-uxXhJQma2ZJZ0B7OsMtAduBkHNGZFJrqieNgLeG_8KkKUZvgxwChWaCPoNzoBDOnRnudis8piOP0Vf0StvQokffPpHaaZG2PW56weuaD3qR5meX778HO8zpu7YduVxdKnVd4Sh9mOLoDRA-86IDBGw"
  792  curl -i registration-pal-matt-pravin.apps.evans.pal.pivotal.io/users/3 -H"Authorization: Bearer eyJhbGciOiJSUzI1NiIsImprdSI6Imh0dHBzOi8vdWFhLnN5cy5ldmFucy5wYWwucGl2b3RhbC5pby90b2tlbl9rZXlzIiwia2lkIjoia2V5LTEiLCJ0eXAiOiJKV1QifQ.eyJqdGkiOiI0MjQzNWRkZTZjNjE0NTNlOGFmODQ1MTdkNWI5MmNjYiIsInN1YiI6IjUxMDU1NWNlLTRhNGEtNGVmZi05NzUwLWFkY2EzYzUxYWM2NyIsImF1dGhvcml0aWVzIjpbInVhYS5yZXNvdXJjZSJdLCJzY29wZSI6WyJ1YWEucmVzb3VyY2UiXSwiY2xpZW50X2lkIjoiNTEwNTU1Y2UtNGE0YS00ZWZmLTk3NTAtYWRjYTNjNTFhYzY3IiwiY2lkIjoiNTEwNTU1Y2UtNGE0YS00ZWZmLTk3NTAtYWRjYTNjNTFhYzY3IiwiYXpwIjoiNTEwNTU1Y2UtNGE0YS00ZWZmLTk3NTAtYWRjYTNjNTFhYzY3IiwiZ3JhbnRfdHlwZSI6ImNsaWVudF9jcmVkZW50aWFscyIsInJldl9zaWciOiJlOGEzMjgwNCIsImlhdCI6MTU3OTYyNjU5OSwiZXhwIjoxNTc5NjY5Nzk5LCJpc3MiOiJodHRwczovL3VhYS5zeXMuZXZhbnMucGFsLnBpdm90YWwuaW8vb2F1dGgvdG9rZW4iLCJ6aWQiOiJ1YWEiLCJhdWQiOlsiNTEwNTU1Y2UtNGE0YS00ZWZmLTk3NTAtYWRjYTNjNTFhYzY3IiwidWFhIl19.qJ9G4EtCjd-Nk9ZhMhgS5SBSqYkgWiap7FrqUtFIW13OukeMCGC4GG_tVegChgsvvF9yhVjl9GAl06XEYZUsHsl_8BTtUY7Mcx6tv-eY3B9xpoLtc3S47noLBoUGdF8vPZxsH1McaZZ8_IVM0js0ndZUvdgshIi_cfgIPEx83tIHlaFKFwyYqGppm7bGxgo-uxXhJQma2ZJZ0B7OsMtAduBkHNGZFJrqieNgLeG_8KkKUZvgxwChWaCPoNzoBDOnRnudis8piOP0Vf0StvQokffPpHaaZG2PW56weuaD3qR5meX778HO8zpu7YduVxdKnVd4Sh9mOLoDRA-86IDBGw"
  793  curl -i registration-pal-matt-pravin.apps.evans.pal.pivotal.io/users/4 -H"Authorization: Bearer eyJhbGciOiJSUzI1NiIsImprdSI6Imh0dHBzOi8vdWFhLnN5cy5ldmFucy5wYWwucGl2b3RhbC5pby90b2tlbl9rZXlzIiwia2lkIjoia2V5LTEiLCJ0eXAiOiJKV1QifQ.eyJqdGkiOiI0MjQzNWRkZTZjNjE0NTNlOGFmODQ1MTdkNWI5MmNjYiIsInN1YiI6IjUxMDU1NWNlLTRhNGEtNGVmZi05NzUwLWFkY2EzYzUxYWM2NyIsImF1dGhvcml0aWVzIjpbInVhYS5yZXNvdXJjZSJdLCJzY29wZSI6WyJ1YWEucmVzb3VyY2UiXSwiY2xpZW50X2lkIjoiNTEwNTU1Y2UtNGE0YS00ZWZmLTk3NTAtYWRjYTNjNTFhYzY3IiwiY2lkIjoiNTEwNTU1Y2UtNGE0YS00ZWZmLTk3NTAtYWRjYTNjNTFhYzY3IiwiYXpwIjoiNTEwNTU1Y2UtNGE0YS00ZWZmLTk3NTAtYWRjYTNjNTFhYzY3IiwiZ3JhbnRfdHlwZSI6ImNsaWVudF9jcmVkZW50aWFscyIsInJldl9zaWciOiJlOGEzMjgwNCIsImlhdCI6MTU3OTYyNjU5OSwiZXhwIjoxNTc5NjY5Nzk5LCJpc3MiOiJodHRwczovL3VhYS5zeXMuZXZhbnMucGFsLnBpdm90YWwuaW8vb2F1dGgvdG9rZW4iLCJ6aWQiOiJ1YWEiLCJhdWQiOlsiNTEwNTU1Y2UtNGE0YS00ZWZmLTk3NTAtYWRjYTNjNTFhYzY3IiwidWFhIl19.qJ9G4EtCjd-Nk9ZhMhgS5SBSqYkgWiap7FrqUtFIW13OukeMCGC4GG_tVegChgsvvF9yhVjl9GAl06XEYZUsHsl_8BTtUY7Mcx6tv-eY3B9xpoLtc3S47noLBoUGdF8vPZxsH1McaZZ8_IVM0js0ndZUvdgshIi_cfgIPEx83tIHlaFKFwyYqGppm7bGxgo-uxXhJQma2ZJZ0B7OsMtAduBkHNGZFJrqieNgLeG_8KkKUZvgxwChWaCPoNzoBDOnRnudis8piOP0Vf0StvQokffPpHaaZG2PW56weuaD3qR5meX778HO8zpu7YduVxdKnVd4Sh9mOLoDRA-86IDBGw"
  794  curl -i allocations-pal-matt-pravin.apps.evans.pal.pivotal.io/allocations?projectId=1 -H"Authorization: Bearer eyJhbGciOiJSUzI1NiIsImprdSI6Imh0dHBzOi8vdWFhLnN5cy5ldmFucy5wYWwucGl2b3RhbC5pby90b2tlbl9rZXlzIiwia2lkIjoia2V5LTEiLCJ0eXAiOiJKV1QifQ.eyJqdGkiOiI0MjQzNWRkZTZjNjE0NTNlOGFmODQ1MTdkNWI5MmNjYiIsInN1YiI6IjUxMDU1NWNlLTRhNGEtNGVmZi05NzUwLWFkY2EzYzUxYWM2NyIsImF1dGhvcml0aWVzIjpbInVhYS5yZXNvdXJjZSJdLCJzY29wZSI6WyJ1YWEucmVzb3VyY2UiXSwiY2xpZW50X2lkIjoiNTEwNTU1Y2UtNGE0YS00ZWZmLTk3NTAtYWRjYTNjNTFhYzY3IiwiY2lkIjoiNTEwNTU1Y2UtNGE0YS00ZWZmLTk3NTAtYWRjYTNjNTFhYzY3IiwiYXpwIjoiNTEwNTU1Y2UtNGE0YS00ZWZmLTk3NTAtYWRjYTNjNTFhYzY3IiwiZ3JhbnRfdHlwZSI6ImNsaWVudF9jcmVkZW50aWFscyIsInJldl9zaWciOiJlOGEzMjgwNCIsImlhdCI6MTU3OTYyNjU5OSwiZXhwIjoxNTc5NjY5Nzk5LCJpc3MiOiJodHRwczovL3VhYS5zeXMuZXZhbnMucGFsLnBpdm90YWwuaW8vb2F1dGgvdG9rZW4iLCJ6aWQiOiJ1YWEiLCJhdWQiOlsiNTEwNTU1Y2UtNGE0YS00ZWZmLTk3NTAtYWRjYTNjNTFhYzY3IiwidWFhIl19.qJ9G4EtCjd-Nk9ZhMhgS5SBSqYkgWiap7FrqUtFIW13OukeMCGC4GG_tVegChgsvvF9yhVjl9GAl06XEYZUsHsl_8BTtUY7Mcx6tv-eY3B9xpoLtc3S47noLBoUGdF8vPZxsH1McaZZ8_IVM0js0ndZUvdgshIi_cfgIPEx83tIHlaFKFwyYqGppm7bGxgo-uxXhJQma2ZJZ0B7OsMtAduBkHNGZFJrqieNgLeG_8KkKUZvgxwChWaCPoNzoBDOnRnudis8piOP0Vf0StvQokffPpHaaZG2PW56weuaD3qR5meX778HO8zpu7YduVxdKnVd4Sh9mOLoDRA-86IDBGw"
  795  cd ../assignment-submission/
  796  ./gradlew cloudNativeDeveloperDistributedSystemWithSecurity     -PuaaUrl=https://login.sys.evans.pal.pivotal.io     -PclientId=510555ce-4a4a-4eff-9750-adca3c51ac67     -PclientSecret=d0a947d1-ab04-49c1-971f-1b282d504808     -PregistrationServerUrl=https://registration-pal-matt-pravin.apps.evans.pal.pivotal.io     -PbacklogServerUrl=https://backlog-pal-matt-pravin.apps.evans.pal.pivotal.io     -PallocationsServerUrl=https://allocations-pal-matt-pravin.apps.evans.pal.pivotal.io     -PtimesheetsServerUrl=https://timesheets-pal-matt-pravin.apps.evans.pal.pivotal.io
  797  mkdir ~/workspace/tracker-config
  798  cd ../tracker-config/
  799  git init
  800  git remote add origin https://github.com/reply2ppg/tracker-config.git
  801  git add application.properties
  802  git commit -m"Initial commit"
  803  git push -u origin master
  804  cf marketplace
  805  cf create-service p-config-server standard tracker-config-server -c "{\"git\": {\"uri\": \"https://github.com/reply2ppg/tracker-config.git\", \"label\": \"master\"}}"
  806  cf services
  807  ./gradlew clean build
  808  cd ..
  809  cd pal-tracker-distributed/
  810  ./gradlew clean build
  811  curl -i localhost:8083/users/4 -H"Authorization: Bearer 4197d788-fc16-43b3-a0f9-4bb74a28fe2b"
  812  curl 'http://localhost:8999/oauth/token' -i -u 'tracker-client:supersecret' -X POST -H 'Accept: application/json' -H 'Content-Type: application/x-www-form-urlencoded' -d 'grant_type=client_credentials&response_type=token&token_format=opaque'
  813  curl -i localhost:8083/users/4 -H"Authorization: Bearer 73a782e1-01e3-466e-a0b3-6fa62ac2e204"
  814  curl -i localhost:8081/allocations?projectId=1 -H"Authorization: Bearer 73a782e1-01e3-466e-a0b3-6fa62ac2e204"
  815  cf env tracker-allocations
  816  cf services
  817  git add .
  818  git commit -m "Add configuration server"
  819  git push
  820  cf env tracker-timesheets
  821  cf push -f manifest-registration.yml 
  822  cf env tracker-timesheets
  823  cf env tracker-registration
  824  cf set-env tracker-timesheets APPLICATION_OAUTH_ENABLED false
  825  cf restart tracker-timesheets
  826  cf unset-env tracker-timesheets APPLICATION_OAUTH_ENABLED 
  827  cf restart tracker-timesheets
  828  cd ..
  829  cd assignment-submission/
  830  ./gradlew cloudNativeDeveloperDistributedSystemWithConfigServer     -PuaaUrl=https://login.sys.evans.pal.pivotal.io     -PclientId=510555ce-4a4a-4eff-9750-adca3c51ac67     -PclientSecret=d0a947d1-ab04-49c1-971f-1b282d504808     -PregistrationServerUrl=https://registration-pal-matt-pravin.apps.evans.pal.pivotal.io     -PbacklogServerUrl=https://backlog-pal-matt-pravin.apps.evans.pal.pivotal.io     -PallocationsServerUrl=https://allocations-pal-matt-pravin.apps.evans.pal.pivotal.io     -PtimesheetsServerUrl=https://timesheets-pal-matt-pravin.apps.evans.pal.pivotal.io
  831  cd ..
  832  cd pal-tracker-distributed/
  833  cf delete --help
  834  cf delete pal-tracker
  835  cf delete tracker-allocations
  836  cf delete tracker-backlog
  837  cf delete tracker-timesheets
  838  cf services
  839  cf delete-service --help
  840  cf delete-service tracker-allocations-database
  841  cf delete-service --help
  842  cf delete-service tracker-allocations-database -f
  843  cf service-keys
  844  cf service-keys tracker-allocations-database
  845  cf delete-service-key --help
  846  cf delete-service-key tracker-allocation-database flyway-migration-key
  847  cf delete-service-key tracker-allocations-database flyway-migration-key
  848  cd ..
  849  cd movie-fun/
  850  git log --graph --decorate --oneline --all
  851  cf create-service p.mysql db-small movies-mysql
  852  cf services
  853  git remote add origin https://github.com/reply2ppg/movie-fun.git
  854  git push -u origin master
  855  git st
  856  git status
  857  git add .
  858  git commit -am "Initial commit."
  859  git push -u origin master --tags
  860  git status
  861  git log --graph --decorate --oneline --all
  862  git add .
  863  sudo update-java-alternatives --set /usr/lib/jvm/java-1.8.0-openjdk-amd64
  864  java --version
  865  javac -version
  866  mvn clean package -DSkipTests
  867  sudo update-java-alternatives --set /usr/lib/jvm/java-1.8.0-openjdk-amd64
  868  rm -rf ${TOMEE_DIRECTORY}/webapps/*
  869  rm -rf ${TOMEE_DIRECTORY}/data/*
  870  export
  871  rm -rf ~/dev/tomee/webapps/*
  872  rm -rf ~/dev/tomee/data/*
  873  cp target/moviefun.war ~dev/tomee/webapps
  874  cp target/moviefun.war ~/dev/tomee/webapps
  875  mvn clean package -DskipTests
  876  cp target/moviefun.war ~/dev/tomee/webapps
  877  /dev/tomee/bin/catalina.sh run
  878  ~/dev/tomee/bin/catalina.sh run
  879  clear
  880  cf push moviefun -p target/moviefun.war --random-route
  881  MOVIE_FUN_URL=http://moviefun-rested-dugong.apps.evans.pal.pivotal.io/ mvn test
  882  MOVIE_FUN_URL=http://moviefun-rested-dugong.apps.evans.pal.pivotal.io/ mvn test -e
  883  cf push moviefun -p target/moviefun.war -b https://github.com/cloudfoundry-community/tomee-buildpack/releases/download/v4.16.1/tomee-buildpack-v4.16.1.zip --random-route
  884  cf services
  885  cf stop moviefun
  886  cf start moviefun
  887  cf bind-service moviefun movies-mysql
  888  cf restage moviefun
  889  MOVIE_FUN_URL=http://moviefun-example.cfapps.io mvn test
  890  MOVIE_FUN_URL=http://moviefun-rested-dugong.apps.evans.pal.pivotal.io mvn test
  891  cf stop
  892  cf stop movie-fun
  893  cf apps
  894  cf stop moviefun
  895  cf start moviefun
  896  cd ~/workspace/assignment-submission
  897  ./gradlew replatformingBuildpacks -PmovieFunUrl=http://moviefun-rested-dugong.apps.evans.pal.pivotal.io
  898  cd ../movie-fun/
  899  git checkout -b spring-bootification-work spring-boot-start
  900  git status
  901  mysql -uroot
  902  MOVIE_FUN_URL=http://localhost:8080 mvn test
  903  mvn clean package -DskipTests
  904  cf buildpacks
  905  cf push moviefun -p target/moviefun.war -b java_buildpack_offline --random-route
  906  cd ~/workspace/assignment-submission
  907  ./gradlew replatformingSpringBootification -PmovieFunUrl=http://moviefun-rested-dugong.apps.evans.pal.pivotal.io
  908  cd ..
  909  cd movie-fun/
  910  git status
  911  git add .
  912  git commit
  913  git commit -am "Change to spring boot"
  914  git st
  915  git status
  916  git push
  917  git push --set-upstream origin spring-bootification-work
  918  git status
  919  git checkout -b two-data-sources-work two-data-sources-start
  920  git branch
  921  mvn clean package -DskipTes
  922  cf push moviefun -p target/moviefun.war --random-route
  923  mysql -uroot
  924  export
  925  export VCAP_SERVICES="{\"p-mysql\": [{\"credentials\": {\"jdbcUrl\": \"jdbc:mysql://127.0.0.1:3306/albums?user=root\"}, \"name\": \"albums-mysql\"}, {\"credentials\": {\"jdbcUrl\": \"jdbc:mysql://127.0.0.1:3306/movies?user=root\"}, \"name\": \"movies-mysql\"}]}"
  926  export
  927  mvn spring-boot:run
  928  cf services
  929  cf bind --help
  930  cf bind-service --help
  931  cf bind-service moviefun albums-msql
  932  cf services
  933  cf push moviefun -p target/moviefun.war --random-route
  934  cf bind-service moviefun albums-mysql
  935  cf push moviefun -p target/moviefun.war --random-route
  936  export
  937  history | grep mvn
  938  mvn spring-boot:run
  939  cf push moviefun -p target/moviefun.war --random-route
  940  cd ~/workspace/assignment-submission
  941  ./gradlew replatformingManagingDataSources -PmovieFunUrl=http://moviefun-rested-dugong.apps.evans.pal.pivotal.io
  942  git status
  943  cd ../movie-fun/
  944  git status
  945  git add .
  946  git commit -m "Created 2 database connections"
  947  git push
  948  git push --set-upstream origin two-data-sources-work
  949  git status
  950  git checkout -b read-resource-from-classpath-work read-resource-from-classpath-start
  951  git status
  952  mvn clean package
  953  cf push moviefun -p target/moviefun.war --random-route
  954  cf push moviefun -p target/moviefun.war --random-route
  955  git add .
  956  git commit -m "Read from csv in classpath"
  957  git push
  958  git push --set-upstream origin read-resource-from-classpath-work
  959  cd ~/workspace/assignment-submission
  960  ./gradlew replatformingRemovingReadsFromFileSystem -PmovieFunUrl=http://moviefun-rested-dugong.apps.evans.pal.pivotal.io
  961  cd ../movie-fun/
  962  git checkout -b write-to-blobstore-work write-to-blobstore-start
  963  mvn clean package
  964  cf push moviefun -p target/moviefun.war --random-route
  965  cf scale moviefun instances 2
  966  cf scale moviefun -i 2
  967  mkdir -p ~/shared/moviefun
  968  minio server ~/shared
  969  export VCAP_SERVICES='{"user-provided": [{"credentials": {"access_key_id": "OWNUYH6PY96ECE3HYIFX", "bucket": "moviefun", "secret_access_key": "Y6NvNBv+RhAtu3UkMB6+LHZkDvYT6P+dZSFtCoJL", "endpoint": "http://127.0.0.1:9000"}, "name": "photo-storage"}]}'
  970  export
  971  mvn spring-boot:run
  972  minio server ~/shared
  973  mvn spring-boot:run
  974  mvn clean package
  975  mvn spring-boot:run
  976  mvn clean package
  977  mvn spring-boot:run
  978  cf push moviefun -p target/moviefun.war --random-route
  979  cf create-user-provided-service paper-trail -l syslog-tls://logs4.papertrailapp.com:39730
  980  cf services
  981  cf bind-service moviefun paper-trail
  982  cf restage moviefun
  983  cd ~/workspace/assignment-submission
  984  ./gradlew replatformingLogging -PmovieFunUrl=http://moviefun-rested-dugong.apps.evans.pal.pivotal.io
  985  git status
  986  cd ../movie-fun/
  987  git add .
  988  git commit
  989  git commit -m "Add logger and papertrail account"
  990  git push
  991  git push --set-upstream origin logging-work
  992  git checkout -b background-jobs-work background-jobs-start
  993  history | grep mysql
  994  mysql -uroot
  995  export
  996  mvn spring-boot:run
  997  mysql -uroot
  998  mysql -uroot movies < database/schema.ddl 
  999  mvn spring-boot:run
 1000  exort
 1001  export
 1002  mvn spring-boot:run
 1003  cf mysql movies-mysql < db/schema.ddl
 1004  cf mysql movies-mysql < database/schema.ddl
 1005  cf mysql
 1006  cf install-plugin -r "CF-Community" mysql-plugin
 1007  cf mysql movies-mysql < database/schema.ddl
 1008  mvn spring-boot:run
 1009  git status
 1010  cf push moviefun -p target/moviefun.war --random-route
 1011  cf scale moviefun -i 2
 1012  aws configure
 1013  aws s3 cp albums.csv s3://photo-storage/
 1014  aws s3 cp albums.csv s3://photo-storage
 1015  aws s3 cp albums.csv s3://
 1016  aws s3 cp albums.csv s3://pgangatirkar.gaic.com
 1017  cd ~/workspace/assignment-submission
 1018  ./gradlew replatformingBackgroundJobsWithDb -PmovieFunUrl=http://moviefun-rested-dugong.apps.evans.pal.pivotal.io
 1019  git add .
 1020  cd ../movie-fun/
 1021  git add .
 1022  git commit
 1023  git commit -m "Added datatabase scheduling"
 1024  git push
 1025  git push --set-upstream origin background-jobs-work
 1026  git checkout -b background-jobs-rabbit-work background-jobs-rabbit-start
 1027  mvn spring-boot:run
 1028  cf service rabbit
 1029  cf bind-service --help
 1030  cf bind-service moviefun rabbit
 1031  restage moviefun
 1032  cf restage moviefun
 1033  mvn spring-boot:run
 1034  cf push moviefun -p target/moviefun.war --random-route
 1035  curl -X POST http://moviefun-rested-dugong.apps.evans.pal.pivotal.io/rabbit -d ""
 1036  cd ~/workspace/assignment-submission
 1037  ./gradlew replatformingBackgroundJobsWithAmqp -PmovieFunUrl=https://moviefun-rested-dugong.apps.evans.pal.pivotal.io
 1038  cd ..
 1039  git status
 1040  cd movie-fun/
 1041  git status
 1042  git add .
 1043  git commit -m "Add RabbitMQ"
 1044  git push
 1045  ./start-load-balancer.sh
 1046  ./start-load-balancer.sh 
 1047  vim ./start-load-balancer.sh 
 1048  nginx
 1049  sudo nginx
 1050  nginx
 1051  sudo ./start-load-balancer.sh 
 1052  cf marketplace
 1053  cf create-service --help
 1054  cf create-service p.mysql db-small albums-msql
 1055  cf services
 1056  clear
 1057  cf env
 1058  cf env moviefun
 1059  export VCAP_SERVICES='{"p-mysql": [{"credentials": {"jdbcUrl": "jdbc:mysql://127.0.0.1:3306/albums?user=root"}, "name": "albums-mysql"}, {"credentials": {"jdbcUrl": "jdbc:mysql://127.0.0.1:3306/movies?user=root"}, "name": "movies-mysql"}]}'
 1060  export
 1061  cf services
 1062  idea .
 1063  cf logs
 1064  cf logs moviefun
 1065  cf logs moviefun --recent
 1066  cf create-service p.mysql db-small albums-mysql
 1067  cf services
 1068  cf logs moviefun
 1069  cf logs moviefun --recent
 1070  mvn clean package
 1071  mvn spring-boot:run
 1072  mvn clean package
 1073  minio server ~/shared
 1074  mvn clean package
 1075  cf push moviefun --random-route --no-start -p target/moviefun.war
 1076  cf create-service --help
 1077  cf cups --help
 1078  cf create-user-provided-service photo-storage -p '{"access_key_id": "AKIAVT7FZ27L2FMCQHHI", "secret_access_key":"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"}'
 1079  cf services
 1080  cf delete-service --help
 1081  cf delete-service photo-storage
 1082  cf create-user-provided-service photo-storage -p '{"access_key_id": "AKIAVT7FZ27L2FMCQHHI", "secret_access_key":"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", "bucket":"pgangatirkar.gaic.com"}'
 1083  cf services
 1084  cf bind-service --help
 1085  cf bind-service moviefun photo-storage
 1086  cf start --help
 1087  cf stop moviefun
 1088  cf start moviefun
 1089  cd ~/workspace/assignment-submission
 1090  ./gradlew replatformingRemovingPersistenceToFileSystem -PmovieFunUrl=http://moviefun-rested-dugong.apps.evans.pal.pivotal.io
 1091  git st
 1092  git status
 1093  git status
 1094  git add .
 1095  git commit
 1096  git commit -m "Add S3 and file implementation"
 1097  git push
 1098  git push --set-upstream origin write-to-blobstore-work
 1099  git checkout -b logging-work logging-start
 1100  cf set-env moviefun JAVA_OPTS -Dlogging.level.org.springframework=DEBUG
 1101  cf set-env moviefun JAVA_OPTS -Dlogging.level.org.superbiz.moviefun.albums=ERROR
 1102  cf set-env moviefun JAVA_OPTS -Dlogging.level.org.superbiz.moviefun.movies=DEBUG
 1103  mvn clean package
 1104  minio server ~/shared
 1105  git status
 1106  cf login --help
 1107  cf login -a api.sys.evans.pal.pivotal.io
 1108  cd ..
 1109  cd removing-instance-specific-state/
 1110  idea .
 1111  git init
 1112  git remote add origin https://github.com/msrust0/removing-instance-specific-state.git
 1113  mvn -Dmaven.tomcat.port=8080 -DinstanceNumber=0 tomcat7:run-war
 1114  CF_INSTANCE_INDEX=0 mvn -Dmaven.tomcat.port=8080 tomcat7:run-war
 1115  history
 1116  mvn -Dmaven.tomcat.port=9090 -DinstanceNumber=1 tomcat7:run-war
 1117  CF_INSTANCE_INDEX=1 mvn -Dmaven.tomcat.port=9090 tomcat7:run-war
 1118  cd ..
 1119  ls
 1120  cd ./struts
 1121  mvn  clean package
 1122  cf push struts -p target/struts.war --random-route --no-start
 1123  cf marketplace
 1124  cf cs p.mysql db-small struts-mysql
 1125  cf services
 1126  cp ../assignment-submission.sh .
 1127  cf services
 1128  cf bind-service struts struts-mysql
 1129  cf start struts
 1130  ./assignment-submission.sh 
 1131  cf services
 1132  cf delete-service my-redis
 1133  cf services
 1134  cf delete-service --help
 1135  cf delete-service my-redis
 1136  cf services
 1137  git st
 1138  git status
 1139  git add .
 1140  git commit -m "Bootification struts"
 1141  git push'
 1142  git push
 1143  cf service-keys
 1144  cf service-keys our-redis
 1145  cf unbind-service --help
 1146  cf unbind-service struts struts-mysql
 1147  redis
 1148  start redis-server
 1149  redis-server start
 1150  redis-server -h
 1151  redis-server
 1152  mvn clean package
 1153  cf push remove-session-state -p target/remove-session-state-lab.war -i 2 --random-route --no-start
 1154  cf marketplace
 1155  cf create-service p.redis cache-small my-redis
 1156  cf services
 1157  cf bind-service --help
 1158  cf services
 1159  cf bind-service remove-session-state my-redis
 1160  cf services
 1161  cf marketplace
 1162  cf services
 1163  cf create-service p-redis shared-vm our-redis
 1164  cf services
 1165  cf bind-service remove-session-state our-redis
 1166  cf start remove-session-state
 1167  ls
 1168  cd ..
 1169  cd assignment-submission/
 1170  ls
 1171  vim build.gradle 
 1172  cd ..
 1173  cd removing-instance-specific-state/
 1174  chmod +x assignment-submission.sh 
 1175  ./assignment-submission.sh 
 1176  cf services
 1177  cp assignment-submission.sh ..
 1178  ls ..
 1179  cd ..
 1180  ls
 1181  cd removing-instance-specific-state/
 1182  git status
 1183  git add .
 1184  git commit -m "Remove session state"
 1185  git push
 1186  pwd
 1187  cd ..
 1188  ls
 1189  cd struts
 1190  idea .
 1191  git init
 1192  git remote add origin https://github.com/msrust0/struts.git
 1193  mysql -uroot
 1194  mvn spring-boot:run
 1195  mvn clean build
 1196  mvn clean
 1197  mvn package
 1198  mvn spring-boot:run
 1199  java -version
 1200  mvn spring-boot:run
 1201  mysql -version
 1202  sudo mysql -version
 1203  mysql -uroot -V
 1204  mvn clean
 1205  mvn spring-boot:run
 1206  killall -9 java
 1207  mvn spring-boot:run
 1208  mvn clean
 1209  mvn spring-boot:run
 1210  mvn clean
 1211  mvn spring-boot:run
 1212  mvn clean
 1213  mvn spring-boot:run
 1214  killall -9 java
 1215  mvn spring-boot:run
 1216  cf ds our-redis
 1217  mvn spring-boot:run
 1218  cd ..
 1219  cd ant/
 1220  ls
 1221  git init
 1222  git remote add origin https://github.com/msrust0/ant.git
 1223  git push
 1224  rm -rf .idea/
 1225  find . -name *.iml -exec rm {} \;
 1226  mvn clean package
 1227  ls projects/console/target/
 1228  ginf . -nsmr z8.jst
 1229  find . -name *.jar
 1230  mvn clean install
 1231  ls repository/local/org.apache.ivy.example/
 1232  mvn clean install
 1233  ls repository/local/org.apache.ivy.example/
 1234  ls ./target/find
 1235  ls
 1236  find . -name *.jar
 1237  ls ./projects/target
 1238  mvn clean install
 1239  cd projects/
 1240  ls
 1241  cd console/
 1242  ls
 1243  ls target/
 1244  cd ..
 1245  ls repository/local/org.apache.ivy.example/
 1246  cd /
 1247  ls repository
 1248  cd  ~workspace
 1249  ls
 1250  cd ~/workspace/
 1251  cd ant/
 1252  mvn clean install
 1253  ls
 1254  ls ~/.m2/repository/
 1255  find ~/.m2/repository/org/apache/ivy/
 1256  mvn clean install
 1257  cd ~/workspace/assignment-submission
 1258  ./gradlew replatformingMavenization
 1259  cd ..
 1260  cd ant/
 1261  git add .
 1262  git commit -m "ant to maven"
 1263  git push
 1264  cd ..
 1265  mv ant antToMaven
 1266  cd ant
 1267  git init
 1268  git remote add origin https://github.com/msrust0/antToGradle.git
 1269  git push
 1270  ls
 1271  gradle clean build
 1272  gradle clean build --stacktrace
 1273  gradle clean build
 1274  gradle uploadArchives
 1275  history
 1276  find ~/.m2/repository/org/apache/ivy/
 1277  ls ~/.m2/repository/org/apache/ivy/
 1278  ls ~/.m2/repository/org/apache/ivy/example/list/
 1279  ls ~/.m2/repository/org/apache/ivy/example/list/1.0
 1280  ll ~/.m2/repository/org/apache/ivy/example/list/1.0
 1281  ls repository/shared/
 1282  ls repository/shared/org.apache.ivy.example/
 1283  gradle clean dependenciesGraph
 1284  open build/dependenciesGraph/graph.dot.png
 1285  ./open build/dependenciesGraph/graph.dot.png
 1286  open --help
 1287  open build/dependenciesGraph/
 1288  cd ~/workspace/assignment-submission
 1289  ./gradlew replatformingGradling
 1290  cd ..
 1291  cd ant
 1292  gradle clean dependenciesGraph
 1293  git add .
 1294  git commit -m "ant to gradle"
 1295  git push
 1296  xdg build/dependenciesGraph/graph.dot.png
 1297  xdg-open build/dependenciesGraph/graph.dot.png
 1298  exit
 1299  history | grep minio
 1300  minio server ~/shared
 1301  history > history1.log
